<?xml version="1.0" encoding="utf-8"?><testsuites name="pytest tests"><testsuite name="pytest" errors="0" failures="0" skipped="0" tests="7" time="0.794" timestamp="2026-05-10T03:17:09.010507+00:00" hostname="agent-env-0f5ad7a9-ddcb-4321-a559-6295b28ec1e4"><testcase classname="backend.tests.test_blayake_api.TestHealth" name="test_root" time="0.320" /><testcase classname="backend.tests.test_blayake_api.TestLeads" name="test_create_lead_with_phone_and_message" time="0.058" /><testcase classname="backend.tests.test_blayake_api.TestLeads" name="test_create_lead_required_only" time="0.058" /><testcase classname="backend.tests.test_blayake_api.TestLeads" name="test_create_lead_invalid_email" time="0.052" /><testcase classname="backend.tests.test_blayake_api.TestLeads" name="test_create_lead_missing_name" time="0.057" /><testcase classname="backend.tests.test_blayake_api.TestLeads" name="test_create_lead_missing_email" time="0.057" /><testcase classname="backend.tests.test_blayake_api.TestLeads" name="test_list_leads_persistence_no_objectid_sorted_desc_includes_phone" time="0.117" /></testsuite></testsuites>