<?xml version="1.0" encoding="utf-8"?><testsuites name="pytest tests"><testsuite name="pytest" errors="0" failures="0" skipped="0" tests="7" time="0.874" timestamp="2026-05-08T08:51:23.971620+00:00" hostname="agent-env-0f5ad7a9-ddcb-4321-a559-6295b28ec1e4"><testcase classname="backend.tests.test_blayake_api.TestHealth" name="test_root" time="0.237" /><testcase classname="backend.tests.test_blayake_api.TestLeads" name="test_create_lead_valid" time="0.064" /><testcase classname="backend.tests.test_blayake_api.TestLeads" name="test_create_lead_invalid_email" time="0.057" /><testcase classname="backend.tests.test_blayake_api.TestLeads" name="test_create_lead_missing_name" time="0.056" /><testcase classname="backend.tests.test_blayake_api.TestLeads" name="test_create_lead_missing_message" time="0.057" /><testcase classname="backend.tests.test_blayake_api.TestLeads" name="test_create_lead_short_message" time="0.063" /><testcase classname="backend.tests.test_blayake_api.TestLeads" name="test_list_leads_persistence_and_no_objectid" time="0.117" /></testsuite></testsuites>